<?xml version="1.0" encoding="UTF-8"?>
<!-- Generated by org.testng.reporters.JUnitXMLReporter -->
<testsuite ignored="0" hostname="DESKTOP-E4INC72" failures="2" tests="2" name="Default test(failed)" time="9.651" errors="0" timestamp="2024-10-12T17:02:33 EEST">
  <testcase classname="Selenium_Web_Driver.NewMavenProject.ProductsTest_HappyScenario" name="testingViewProduct" time="2.688">
    <failure type="java.lang.AssertionError" message="expected [true] but found [false]">
      <![CDATA[java.lang.AssertionError: expected [true] but found [false]
at Selenium_Web_Driver.NewMavenProject.ProductsTest_HappyScenario.testingViewProduct(ProductsTest_HappyScenario.java:55)
at java.base/java.util.ArrayList.forEach(ArrayList.java:1597)
... Removed 29 stack frames]]>
    </failure>
  </testcase> <!-- testingViewProduct -->
  <testcase classname="Selenium_Web_Driver.NewMavenProject.ProductsTest_HappyScenario" name="testingAllProductsAreVisabile" time="0.063">
    <failure type="java.lang.AssertionError" message="expected [Automation Exercise] but found [Automation Exercise - Product Details]">
      <![CDATA[java.lang.AssertionError: expected [Automation Exercise] but found [Automation Exercise - Product Details]
at Selenium_Web_Driver.NewMavenProject.ProductsTest_HappyScenario.testingAllProductsAreVisabile(ProductsTest_HappyScenario.java:27)
at java.base/java.util.ArrayList.forEach(ArrayList.java:1597)
... Removed 31 stack frames]]>
    </failure>
  </testcase> <!-- testingAllProductsAreVisabile -->
</testsuite> <!-- Default test(failed) -->
