<?xml version="1.0" encoding="UTF-8"?>
<!-- Generated by org.testng.reporters.JUnitXMLReporter -->
<testsuite ignored="0" hostname="DESKTOP-E4INC72" failures="1" tests="8" name="HappyScenario" time="102.848" errors="0" timestamp="2024-10-16T17:41:53 EEST">
  <testcase classname="Selenium_Web_Driver.NewMavenProject.RegisterTest_HappyScenario" name="testRegister_NewEmail" time="13.305"/>
  <testcase classname="Selenium_Web_Driver.NewMavenProject.LoginTest_HappyScenario" name="testLoginWithValidCredentials" time="13.356"/>
  <testcase classname="Selenium_Web_Driver.NewMavenProject.ProductsTest_HappyScenario" name="testingAllProductsAreVisabile" time="16.132"/>
  <testcase classname="Selenium_Web_Driver.NewMavenProject.ProductsTest_HappyScenario" name="testingViewProduct" time="3.859"/>
  <testcase classname="Selenium_Web_Driver.NewMavenProject.ContactUs_HappyScenario" name="testContactUs" time="8.49"/>
  <testcase classname="Selenium_Web_Driver.NewMavenProject.SearchProductTest_HappyScenario" name="testingSearchingForProduct" time="4.681">
    <failure type="java.lang.AssertionError" message="expected [Men Tshirt] but found [ Men TshirtMen Tshirt]">
      <![CDATA[java.lang.AssertionError: expected [Men Tshirt] but found [ Men TshirtMen Tshirt]
at Selenium_Web_Driver.NewMavenProject.SearchProductTest_HappyScenario.testingSearchingForProduct(SearchProductTest_HappyScenario.java:35)
at java.base/java.util.ArrayList.forEach(ArrayList.java:1597)
... Removed 31 stack frames]]>
    </failure>
  </testcase> <!-- testingSearchingForProduct -->
  <testcase classname="Selenium_Web_Driver.NewMavenProject.SubscriptionTest_HappyScenario" name="testingSubscription" time="0.635"/>
  <testcase classname="Selenium_Web_Driver.NewMavenProject.TestCasesTest_HappyScenario" name="testNavigationToTestCasesPage" time="1.857"/>
</testsuite> <!-- HappyScenario -->
